INFO: 2024/09/06 14:47:49 Created handler from  main.apiFunc
INFO: 2024/09/06 14:47:49 Registered Routes
INFO: 2024/09/06 14:47:49 Started server on localhost:1169
ERROR: 2024/09/06 14:48:10 {Nothing to show}
INFO: 2024/09/06 14:50:05 Created handler from  main.apiFunc
INFO: 2024/09/06 14:50:05 Registered Routes
INFO: 2024/09/06 14:50:05 Started server on localhost:1169
ERROR: 2024/09/06 14:50:17 {Nothing to show}
INFO: 2024/09/06 15:15:56 Created handler from  main.apiFunc
INFO: 2024/09/06 15:15:56 Registered Routes
INFO: 2024/09/06 15:15:56 Started server on localhost:1169
INFO: 2024/09/06 21:34:55 Created handler from  main.apiFunc
INFO: 2024/09/06 21:34:55 Created handler from  main.apiFunc
INFO: 2024/09/06 21:34:55 Created handler from  main.apiFunc
INFO: 2024/09/06 21:34:55 Registered Routes
INFO: 2024/09/06 21:34:55 Started server on localhost:1169
INFO: 2024/09/06 21:35:36 Created handler from  main.apiFunc
INFO: 2024/09/06 21:35:36 Created handler from  main.apiFunc
INFO: 2024/09/06 21:35:36 Created handler from  main.apiFunc
INFO: 2024/09/06 21:35:36 Registered Routes
INFO: 2024/09/06 21:35:36 Started server on localhost:1169
ERROR: 2024/09/06 21:36:22 {There are no lots to show}
INFO: 2024/09/07 01:51:44 Created handler from  main.apiFunc
INFO: 2024/09/07 01:51:44 Created handler from  main.apiFunc
INFO: 2024/09/07 01:51:44 Created handler from  main.apiFunc
INFO: 2024/09/07 01:51:44 Registered Routes
INFO: 2024/09/07 01:51:44 Started server on localhost:1169
